[ 2016-07-18T17:46:45+08:00 ] 127.0.0.1 /0714/admin.php
INFO: [ app_init ] --START--
INFO: Run Behavior\BuildLiteBehavior [ RunTime:0.000026s ]
INFO: [ app_init ] --END-- [ RunTime:0.000590s ]
INFO: [ app_begin ] --START--
INFO: Run Behavior\ReadHtmlCacheBehavior [ RunTime:0.000906s ]
INFO: [ app_begin ] --END-- [ RunTime:0.001012s ]
INFO: [ view_parse ] --START--
INFO: [ template_filter ] --START--
INFO: Run Behavior\ContentReplaceBehavior [ RunTime:0.000113s ]
INFO: [ template_filter ] --END-- [ RunTime:0.000245s ]
INFO: Run Behavior\ParseTemplateBehavior [ RunTime:0.039092s ]
INFO: [ view_parse ] --END-- [ RunTime:0.039230s ]
INFO: [ view_filter ] --START--
INFO: Run Behavior\WriteHtmlCacheBehavior [ RunTime:0.000733s ]
INFO: [ view_filter ] --END-- [ RunTime:0.000829s ]

[ 2016-07-18T17:46:49+08:00 ] 127.0.0.1 /0714/admin.php/login/login.html
INFO: [ app_init ] --START--
INFO: Run Behavior\BuildLiteBehavior [ RunTime:0.000033s ]
INFO: [ app_init ] --END-- [ RunTime:0.000648s ]
INFO: [ app_begin ] --START--
INFO: Run Behavior\ReadHtmlCacheBehavior [ RunTime:0.000805s ]
INFO: [ app_begin ] --END-- [ RunTime:0.000941s ]
INFO: [ view_parse ] --START--
INFO: [ template_filter ] --START--
INFO: Run Behavior\ContentReplaceBehavior [ RunTime:0.005254s ]
INFO: [ template_filter ] --END-- [ RunTime:0.005468s ]
INFO: Run Behavior\ParseTemplateBehavior [ RunTime:0.088041s ]
INFO: [ view_parse ] --END-- [ RunTime:0.088264s ]
INFO: [ view_filter ] --START--
INFO: Run Behavior\WriteHtmlCacheBehavior [ RunTime:0.001311s ]
INFO: [ view_filter ] --END-- [ RunTime:0.001487s ]
INFO: [ app_end ] --START--
INFO: Run Behavior\ShowPageTraceBehavior [ RunTime:0.002404s ]
INFO: [ app_end ] --END-- [ RunTime:0.002617s ]

[ 2016-07-18T17:46:58+08:00 ] 127.0.0.1 /0714/admin.php/Login/logindoit.html
INFO: [ app_init ] --START--
INFO: Run Behavior\BuildLiteBehavior [ RunTime:0.000025s ]
INFO: [ app_init ] --END-- [ RunTime:0.000622s ]
INFO: [ app_begin ] --START--
INFO: Run Behavior\ReadHtmlCacheBehavior [ RunTime:0.000881s ]
INFO: [ app_begin ] --END-- [ RunTime:0.000971s ]
SQL: SHOW COLUMNS FROM `shop_admin` [ RunTime:0.0048s ]
SQL: SELECT * FROM `shop_admin` WHERE `admin_name` = 'admin' AND `admin_pass` = '21232f297a57a5a743894a0e4a801fc3' LIMIT 1   [ RunTime:0.0005s ]
SQL: UPDATE `shop_admin` SET `last_ip`='2130706433',`login_times`=login_times+1 WHERE `admin_id` = 1 [ RunTime:0.0209s ]

[ 2016-07-18T17:46:58+08:00 ] 127.0.0.1 /0714/admin.php/index/index.html
INFO: [ app_init ] --START--
INFO: Run Behavior\BuildLiteBehavior [ RunTime:0.000026s ]
INFO: [ app_init ] --END-- [ RunTime:0.000521s ]
INFO: [ app_begin ] --START--
INFO: Run Behavior\ReadHtmlCacheBehavior [ RunTime:0.000601s ]
INFO: [ app_begin ] --END-- [ RunTime:0.000701s ]
SQL: SHOW COLUMNS FROM `shop_auth_group_access` [ RunTime:0.0052s ]
SQL: SELECT `uid`,`group_id`,`title`,`rules` FROM shop_auth_group_access a INNER JOIN shop_auth_group g on a.group_id=g.id  WHERE ( a.uid='1' and g.status='1' )  [ RunTime:0.0006s ]
SQL: SHOW COLUMNS FROM `shop_auth_rule` [ RunTime:0.0049s ]
SQL: SELECT `condition`,`name` FROM `shop_auth_rule` WHERE `id` IN ('') AND `type` = 1 AND `status` = 1  [ RunTime:0.0004s ]
INFO: [ view_parse ] --START--
INFO: [ template_filter ] --START--
INFO: Run Behavior\ContentReplaceBehavior [ RunTime:0.002823s ]
INFO: [ template_filter ] --END-- [ RunTime:0.002940s ]
INFO: Run Behavior\ParseTemplateBehavior [ RunTime:0.042056s ]
INFO: [ view_parse ] --END-- [ RunTime:0.042194s ]
INFO: [ view_filter ] --START--
INFO: Run Behavior\WriteHtmlCacheBehavior [ RunTime:0.000611s ]
INFO: [ view_filter ] --END-- [ RunTime:0.000713s ]
INFO: [ app_end ] --START--
INFO: Run Behavior\ShowPageTraceBehavior [ RunTime:0.001030s ]
INFO: [ app_end ] --END-- [ RunTime:0.001128s ]

[ 2016-07-18T17:47:03+08:00 ] 127.0.0.1 /0714/admin.php/index/index.html
INFO: [ app_init ] --START--
INFO: Run Behavior\BuildLiteBehavior [ RunTime:0.000026s ]
INFO: [ app_init ] --END-- [ RunTime:0.000477s ]
INFO: [ app_begin ] --START--
INFO: Run Behavior\ReadHtmlCacheBehavior [ RunTime:0.000691s ]
INFO: [ app_begin ] --END-- [ RunTime:0.000809s ]
SQL: SHOW COLUMNS FROM `shop_auth_group_access` [ RunTime:0.0049s ]
SQL: SELECT `uid`,`group_id`,`title`,`rules` FROM shop_auth_group_access a INNER JOIN shop_auth_group g on a.group_id=g.id  WHERE ( a.uid='1' and g.status='1' )  [ RunTime:0.0005s ]
SQL: SHOW COLUMNS FROM `shop_auth_rule` [ RunTime:0.0052s ]
SQL: SELECT `condition`,`name` FROM `shop_auth_rule` WHERE `id` IN ('') AND `type` = 1 AND `status` = 1  [ RunTime:0.0004s ]
INFO: [ view_parse ] --START--
INFO: [ template_filter ] --START--
INFO: Run Behavior\ContentReplaceBehavior [ RunTime:0.002832s ]
INFO: [ template_filter ] --END-- [ RunTime:0.002952s ]
INFO: Run Behavior\ParseTemplateBehavior [ RunTime:0.032868s ]
INFO: [ view_parse ] --END-- [ RunTime:0.032976s ]
INFO: [ view_filter ] --START--
INFO: Run Behavior\WriteHtmlCacheBehavior [ RunTime:0.000315s ]
INFO: [ view_filter ] --END-- [ RunTime:0.000410s ]
INFO: [ app_end ] --START--
INFO: Run Behavior\ShowPageTraceBehavior [ RunTime:0.001007s ]
INFO: [ app_end ] --END-- [ RunTime:0.001103s ]

[ 2016-07-18T17:47:06+08:00 ] 127.0.0.1 /0714/admin.php/index/index.html
INFO: [ app_init ] --START--
INFO: Run Behavior\BuildLiteBehavior [ RunTime:0.000047s ]
INFO: [ app_init ] --END-- [ RunTime:0.000913s ]
INFO: [ app_begin ] --START--
INFO: Run Behavior\ReadHtmlCacheBehavior [ RunTime:0.000761s ]
INFO: [ app_begin ] --END-- [ RunTime:0.000880s ]
SQL: SHOW COLUMNS FROM `shop_auth_group_access` [ RunTime:0.0047s ]
SQL: SELECT `uid`,`group_id`,`title`,`rules` FROM shop_auth_group_access a INNER JOIN shop_auth_group g on a.group_id=g.id  WHERE ( a.uid='1' and g.status='1' )  [ RunTime:0.0005s ]
SQL: SHOW COLUMNS FROM `shop_auth_rule` [ RunTime:0.0049s ]
SQL: SELECT `condition`,`name` FROM `shop_auth_rule` WHERE `id` IN ('') AND `type` = 1 AND `status` = 1  [ RunTime:0.0003s ]
INFO: [ view_parse ] --START--
INFO: [ template_filter ] --START--
INFO: Run Behavior\ContentReplaceBehavior [ RunTime:0.002899s ]
INFO: [ template_filter ] --END-- [ RunTime:0.003025s ]
INFO: Run Behavior\ParseTemplateBehavior [ RunTime:0.037107s ]
INFO: [ view_parse ] --END-- [ RunTime:0.037217s ]
INFO: [ view_filter ] --START--
INFO: Run Behavior\WriteHtmlCacheBehavior [ RunTime:0.000329s ]
INFO: [ view_filter ] --END-- [ RunTime:0.000428s ]
INFO: [ app_end ] --START--
INFO: Run Behavior\ShowPageTraceBehavior [ RunTime:0.001060s ]
INFO: [ app_end ] --END-- [ RunTime:0.001165s ]

[ 2016-07-18T17:47:08+08:00 ] 127.0.0.1 /0714/admin.php/index/index.html
INFO: [ app_init ] --START--
INFO: Run Behavior\BuildLiteBehavior [ RunTime:0.000026s ]
INFO: [ app_init ] --END-- [ RunTime:0.000479s ]
INFO: [ app_begin ] --START--
INFO: Run Behavior\ReadHtmlCacheBehavior [ RunTime:0.000611s ]
INFO: [ app_begin ] --END-- [ RunTime:0.000718s ]
SQL: SHOW COLUMNS FROM `shop_auth_group_access` [ RunTime:0.0050s ]
SQL: SELECT `uid`,`group_id`,`title`,`rules` FROM shop_auth_group_access a INNER JOIN shop_auth_group g on a.group_id=g.id  WHERE ( a.uid='1' and g.status='1' )  [ RunTime:0.0006s ]
SQL: SHOW COLUMNS FROM `shop_auth_rule` [ RunTime:0.0049s ]
SQL: SELECT `condition`,`name` FROM `shop_auth_rule` WHERE `id` IN ('') AND `type` = 1 AND `status` = 1  [ RunTime:0.0004s ]
INFO: [ view_parse ] --START--
INFO: [ template_filter ] --START--
INFO: Run Behavior\ContentReplaceBehavior [ RunTime:0.002832s ]
INFO: [ template_filter ] --END-- [ RunTime:0.002953s ]
INFO: Run Behavior\ParseTemplateBehavior [ RunTime:0.032179s ]
INFO: [ view_parse ] --END-- [ RunTime:0.032286s ]
INFO: [ view_filter ] --START--
INFO: Run Behavior\WriteHtmlCacheBehavior [ RunTime:0.000312s ]
INFO: [ view_filter ] --END-- [ RunTime:0.000407s ]
INFO: [ app_end ] --START--
INFO: Run Behavior\ShowPageTraceBehavior [ RunTime:0.000988s ]
INFO: [ app_end ] --END-- [ RunTime:0.001083s ]

[ 2016-07-18T17:48:33+08:00 ] 127.0.0.1 /0714/admin.php/index/index.html
INFO: [ app_init ] --START--
INFO: Run Behavior\BuildLiteBehavior [ RunTime:0.000026s ]
INFO: [ app_init ] --END-- [ RunTime:0.000477s ]
INFO: [ app_begin ] --START--
INFO: Run Behavior\ReadHtmlCacheBehavior [ RunTime:0.001156s ]
INFO: [ app_begin ] --END-- [ RunTime:0.001272s ]
SQL: SHOW COLUMNS FROM `shop_auth_group_access` [ RunTime:0.0053s ]
SQL: SELECT `uid`,`group_id`,`title`,`rules` FROM shop_auth_group_access a INNER JOIN shop_auth_group g on a.group_id=g.id  WHERE ( a.uid='1' and g.status='1' )  [ RunTime:0.0005s ]
SQL: SHOW COLUMNS FROM `shop_auth_rule` [ RunTime:0.0048s ]
SQL: SELECT `condition`,`name` FROM `shop_auth_rule` WHERE `id` IN ('') AND `type` = 1 AND `status` = 1  [ RunTime:0.0004s ]
INFO: [ view_parse ] --START--
INFO: [ template_filter ] --START--
INFO: Run Behavior\ContentReplaceBehavior [ RunTime:0.002839s ]
INFO: [ template_filter ] --END-- [ RunTime:0.002958s ]
INFO: Run Behavior\ParseTemplateBehavior [ RunTime:0.032804s ]
INFO: [ view_parse ] --END-- [ RunTime:0.032912s ]
INFO: [ view_filter ] --START--
INFO: Run Behavior\WriteHtmlCacheBehavior [ RunTime:0.000776s ]
INFO: [ view_filter ] --END-- [ RunTime:0.000931s ]
INFO: [ app_end ] --START--
INFO: Run Behavior\ShowPageTraceBehavior [ RunTime:0.001027s ]
INFO: [ app_end ] --END-- [ RunTime:0.001128s ]

[ 2016-07-18T17:48:35+08:00 ] 127.0.0.1 /0714/admin.php/index/index.html
INFO: [ app_init ] --START--
INFO: Run Behavior\BuildLiteBehavior [ RunTime:0.000037s ]
INFO: [ app_init ] --END-- [ RunTime:0.000776s ]
INFO: [ app_begin ] --START--
INFO: Run Behavior\ReadHtmlCacheBehavior [ RunTime:0.000825s ]
INFO: [ app_begin ] --END-- [ RunTime:0.000966s ]
SQL: SHOW COLUMNS FROM `shop_auth_group_access` [ RunTime:0.0062s ]
SQL: SELECT `uid`,`group_id`,`title`,`rules` FROM shop_auth_group_access a INNER JOIN shop_auth_group g on a.group_id=g.id  WHERE ( a.uid='1' and g.status='1' )  [ RunTime:0.0006s ]
SQL: SHOW COLUMNS FROM `shop_auth_rule` [ RunTime:0.0061s ]
SQL: SELECT `condition`,`name` FROM `shop_auth_rule` WHERE `id` IN ('') AND `type` = 1 AND `status` = 1  [ RunTime:0.0007s ]
INFO: [ view_parse ] --START--
INFO: [ template_filter ] --START--
INFO: Run Behavior\ContentReplaceBehavior [ RunTime:0.002868s ]
INFO: [ template_filter ] --END-- [ RunTime:0.002987s ]
INFO: Run Behavior\ParseTemplateBehavior [ RunTime:0.041907s ]
INFO: [ view_parse ] --END-- [ RunTime:0.042049s ]
INFO: [ view_filter ] --START--
INFO: Run Behavior\WriteHtmlCacheBehavior [ RunTime:0.000430s ]
INFO: [ view_filter ] --END-- [ RunTime:0.000534s ]
INFO: [ app_end ] --START--
INFO: Run Behavior\ShowPageTraceBehavior [ RunTime:0.001084s ]
INFO: [ app_end ] --END-- [ RunTime:0.001186s ]

[ 2016-07-18T17:48:58+08:00 ] 127.0.0.1 /0714/admin.php/index/index.html
INFO: [ app_init ] --START--
INFO: Run Behavior\BuildLiteBehavior [ RunTime:0.000036s ]
INFO: [ app_init ] --END-- [ RunTime:0.000787s ]
INFO: [ app_begin ] --START--
INFO: Run Behavior\ReadHtmlCacheBehavior [ RunTime:0.000742s ]
INFO: [ app_begin ] --END-- [ RunTime:0.000864s ]
SQL: SHOW COLUMNS FROM `shop_auth_group_access` [ RunTime:0.0048s ]
SQL: SELECT `uid`,`group_id`,`title`,`rules` FROM shop_auth_group_access a INNER JOIN shop_auth_group g on a.group_id=g.id  WHERE ( a.uid='1' and g.status='1' )  [ RunTime:0.0005s ]
SQL: SHOW COLUMNS FROM `shop_auth_rule` [ RunTime:0.0049s ]
SQL: SELECT `condition`,`name` FROM `shop_auth_rule` WHERE `id` IN ('') AND `type` = 1 AND `status` = 1  [ RunTime:0.0004s ]
INFO: [ view_parse ] --START--
INFO: [ template_filter ] --START--
INFO: Run Behavior\ContentReplaceBehavior [ RunTime:0.003107s ]
INFO: [ template_filter ] --END-- [ RunTime:0.003256s ]
INFO: Run Behavior\ParseTemplateBehavior [ RunTime:0.032522s ]
INFO: [ view_parse ] --END-- [ RunTime:0.032630s ]
INFO: [ view_filter ] --START--
INFO: Run Behavior\WriteHtmlCacheBehavior [ RunTime:0.000310s ]
INFO: [ view_filter ] --END-- [ RunTime:0.000405s ]
INFO: [ app_end ] --START--
INFO: Run Behavior\ShowPageTraceBehavior [ RunTime:0.001489s ]
INFO: [ app_end ] --END-- [ RunTime:0.001626s ]

[ 2016-07-18T17:49:00+08:00 ] 127.0.0.1 /0714/admin.php/Order/lists.html
INFO: [ app_init ] --START--
INFO: Run Behavior\BuildLiteBehavior [ RunTime:0.000028s ]
INFO: [ app_init ] --END-- [ RunTime:0.000631s ]
INFO: [ app_begin ] --START--
INFO: Run Behavior\ReadHtmlCacheBehavior [ RunTime:0.000901s ]
INFO: [ app_begin ] --END-- [ RunTime:0.001003s ]
SQL: SHOW COLUMNS FROM `shop_auth_group_access` [ RunTime:0.0052s ]
SQL: SELECT `uid`,`group_id`,`title`,`rules` FROM shop_auth_group_access a INNER JOIN shop_auth_group g on a.group_id=g.id  WHERE ( a.uid='1' and g.status='1' )  [ RunTime:0.0005s ]
SQL: SHOW COLUMNS FROM `shop_auth_rule` [ RunTime:0.0050s ]
SQL: SELECT `condition`,`name` FROM `shop_auth_rule` WHERE `id` IN ('') AND `type` = 1 AND `status` = 1  [ RunTime:0.0004s ]
SQL: SHOW COLUMNS FROM `shop_order_info` [ RunTime:0.0055s ]
SQL: SELECT COUNT(*) AS tp_count FROM `shop_order_info` LIMIT 1   [ RunTime:0.0003s ]
SQL: SELECT * FROM `shop_order_info` LIMIT 0,5   [ RunTime:0.0007s ]
INFO: [ view_parse ] --START--
INFO: [ template_filter ] --START--
INFO: Run Behavior\ContentReplaceBehavior [ RunTime:0.002831s ]
INFO: [ template_filter ] --END-- [ RunTime:0.002949s ]
INFO: Run Behavior\ParseTemplateBehavior [ RunTime:0.036895s ]
INFO: [ view_parse ] --END-- [ RunTime:0.037006s ]
INFO: [ view_filter ] --START--
INFO: Run Behavior\WriteHtmlCacheBehavior [ RunTime:0.000525s ]
INFO: [ view_filter ] --END-- [ RunTime:0.000620s ]
INFO: [ app_end ] --START--
INFO: Run Behavior\ShowPageTraceBehavior [ RunTime:0.000985s ]
INFO: [ app_end ] --END-- [ RunTime:0.001081s ]

[ 2016-07-18T17:49:07+08:00 ] 127.0.0.1 /0714/admin.php/Order/order.php?order_sn=2009&consignee=&status=0
INFO: [ app_init ] --START--
INFO: Run Behavior\BuildLiteBehavior [ RunTime:0.000026s ]
INFO: [ app_init ] --END-- [ RunTime:0.000495s ]
INFO: [ app_begin ] --START--
INFO: Run Behavior\ReadHtmlCacheBehavior [ RunTime:0.000656s ]
INFO: [ app_begin ] --END-- [ RunTime:0.000765s ]
SQL: SHOW COLUMNS FROM `shop_auth_group_access` [ RunTime:0.0046s ]
SQL: SELECT `uid`,`group_id`,`title`,`rules` FROM shop_auth_group_access a INNER JOIN shop_auth_group g on a.group_id=g.id  WHERE ( a.uid='1' and g.status='1' )  [ RunTime:0.0004s ]
SQL: SHOW COLUMNS FROM `shop_auth_rule` [ RunTime:0.0053s ]
SQL: SELECT `condition`,`name` FROM `shop_auth_rule` WHERE `id` IN ('') AND `type` = 1 AND `status` = 1  [ RunTime:0.0004s ]
ERR: 非法操作:order.php

[ 2016-07-18T17:49:11+08:00 ] 127.0.0.1 /0714/admin.php/Order/order.php?order_sn=2009&consignee=&status=0
INFO: [ app_init ] --START--
INFO: Run Behavior\BuildLiteBehavior [ RunTime:0.000030s ]
INFO: [ app_init ] --END-- [ RunTime:0.000591s ]
INFO: [ app_begin ] --START--
INFO: Run Behavior\ReadHtmlCacheBehavior [ RunTime:0.000723s ]
INFO: [ app_begin ] --END-- [ RunTime:0.000847s ]
SQL: SHOW COLUMNS FROM `shop_auth_group_access` [ RunTime:0.0047s ]
SQL: SELECT `uid`,`group_id`,`title`,`rules` FROM shop_auth_group_access a INNER JOIN shop_auth_group g on a.group_id=g.id  WHERE ( a.uid='1' and g.status='1' )  [ RunTime:0.0005s ]
SQL: SHOW COLUMNS FROM `shop_auth_rule` [ RunTime:0.0048s ]
SQL: SELECT `condition`,`name` FROM `shop_auth_rule` WHERE `id` IN ('') AND `type` = 1 AND `status` = 1  [ RunTime:0.0004s ]
ERR: 非法操作:order.php

[ 2016-07-18T17:49:20+08:00 ] 127.0.0.1 /0714/admin.php/Order/lists/p/10.html
INFO: [ app_init ] --START--
INFO: Run Behavior\BuildLiteBehavior [ RunTime:0.000028s ]
INFO: [ app_init ] --END-- [ RunTime:0.000511s ]
INFO: [ app_begin ] --START--
INFO: Run Behavior\ReadHtmlCacheBehavior [ RunTime:0.000790s ]
INFO: [ app_begin ] --END-- [ RunTime:0.000921s ]
SQL: SHOW COLUMNS FROM `shop_auth_group_access` [ RunTime:0.0051s ]
SQL: SELECT `uid`,`group_id`,`title`,`rules` FROM shop_auth_group_access a INNER JOIN shop_auth_group g on a.group_id=g.id  WHERE ( a.uid='1' and g.status='1' )  [ RunTime:0.0006s ]
SQL: SHOW COLUMNS FROM `shop_auth_rule` [ RunTime:0.0064s ]
SQL: SELECT `condition`,`name` FROM `shop_auth_rule` WHERE `id` IN ('') AND `type` = 1 AND `status` = 1  [ RunTime:0.0003s ]
SQL: SHOW COLUMNS FROM `shop_order_info` [ RunTime:0.0082s ]
SQL: SELECT COUNT(*) AS tp_count FROM `shop_order_info` LIMIT 1   [ RunTime:0.0003s ]
SQL: SELECT * FROM `shop_order_info` LIMIT 45,5   [ RunTime:0.0007s ]
INFO: [ view_parse ] --START--
INFO: [ template_filter ] --START--
INFO: Run Behavior\ContentReplaceBehavior [ RunTime:0.003051s ]
INFO: [ template_filter ] --END-- [ RunTime:0.003187s ]
INFO: Run Behavior\ParseTemplateBehavior [ RunTime:0.036324s ]
INFO: [ view_parse ] --END-- [ RunTime:0.036439s ]
INFO: [ view_filter ] --START--
INFO: Run Behavior\WriteHtmlCacheBehavior [ RunTime:0.000395s ]
INFO: [ view_filter ] --END-- [ RunTime:0.000497s ]
INFO: [ app_end ] --START--
INFO: Run Behavior\ShowPageTraceBehavior [ RunTime:0.001377s ]
INFO: [ app_end ] --END-- [ RunTime:0.001502s ]

[ 2016-07-18T17:49:24+08:00 ] 127.0.0.1 /0714/admin.php/Order/orderInfo.html?id=46
INFO: [ app_init ] --START--
INFO: Run Behavior\BuildLiteBehavior [ RunTime:0.000027s ]
INFO: [ app_init ] --END-- [ RunTime:0.000506s ]
INFO: [ app_begin ] --START--
INFO: Run Behavior\ReadHtmlCacheBehavior [ RunTime:0.000596s ]
INFO: [ app_begin ] --END-- [ RunTime:0.000698s ]
SQL: SHOW COLUMNS FROM `shop_auth_group_access` [ RunTime:0.0046s ]
SQL: SELECT `uid`,`group_id`,`title`,`rules` FROM shop_auth_group_access a INNER JOIN shop_auth_group g on a.group_id=g.id  WHERE ( a.uid='1' and g.status='1' )  [ RunTime:0.0005s ]
SQL: SHOW COLUMNS FROM `shop_auth_rule` [ RunTime:0.0048s ]
SQL: SELECT `condition`,`name` FROM `shop_auth_rule` WHERE `id` IN ('') AND `type` = 1 AND `status` = 1  [ RunTime:0.0003s ]
INFO: [ view_parse ] --START--
INFO: [ template_filter ] --START--
INFO: Run Behavior\ContentReplaceBehavior [ RunTime:0.003303s ]
INFO: [ template_filter ] --END-- [ RunTime:0.003435s ]
INFO: Run Behavior\ParseTemplateBehavior [ RunTime:0.048819s ]
INFO: [ view_parse ] --END-- [ RunTime:0.048935s ]
INFO: [ view_filter ] --START--
INFO: Run Behavior\WriteHtmlCacheBehavior [ RunTime:0.000314s ]
INFO: [ view_filter ] --END-- [ RunTime:0.000410s ]
INFO: [ app_end ] --START--
INFO: Run Behavior\ShowPageTraceBehavior [ RunTime:0.001007s ]
INFO: [ app_end ] --END-- [ RunTime:0.001103s ]

[ 2016-07-18T17:49:26+08:00 ] 127.0.0.1 /0714/admin.php/Order/order_info.php?id=1
INFO: [ app_init ] --START--
INFO: Run Behavior\BuildLiteBehavior [ RunTime:0.000033s ]
INFO: [ app_init ] --END-- [ RunTime:0.000616s ]
INFO: [ app_begin ] --START--
INFO: Run Behavior\ReadHtmlCacheBehavior [ RunTime:0.001192s ]
INFO: [ app_begin ] --END-- [ RunTime:0.001354s ]
SQL: SHOW COLUMNS FROM `shop_auth_group_access` [ RunTime:0.0063s ]
SQL: SELECT `uid`,`group_id`,`title`,`rules` FROM shop_auth_group_access a INNER JOIN shop_auth_group g on a.group_id=g.id  WHERE ( a.uid='1' and g.status='1' )  [ RunTime:0.0008s ]
SQL: SHOW COLUMNS FROM `shop_auth_rule` [ RunTime:0.0076s ]
SQL: SELECT `condition`,`name` FROM `shop_auth_rule` WHERE `id` IN ('') AND `type` = 1 AND `status` = 1  [ RunTime:0.0004s ]
ERR: 非法操作:order_info.php

[ 2016-07-18T17:49:29+08:00 ] 127.0.0.1 /0714/admin.php/Order/order_info.php?id=2
INFO: [ app_init ] --START--
INFO: Run Behavior\BuildLiteBehavior [ RunTime:0.000028s ]
INFO: [ app_init ] --END-- [ RunTime:0.000538s ]
INFO: [ app_begin ] --START--
INFO: Run Behavior\ReadHtmlCacheBehavior [ RunTime:0.000724s ]
INFO: [ app_begin ] --END-- [ RunTime:0.000834s ]
SQL: SHOW COLUMNS FROM `shop_auth_group_access` [ RunTime:0.0053s ]
SQL: SELECT `uid`,`group_id`,`title`,`rules` FROM shop_auth_group_access a INNER JOIN shop_auth_group g on a.group_id=g.id  WHERE ( a.uid='1' and g.status='1' )  [ RunTime:0.0006s ]
SQL: SHOW COLUMNS FROM `shop_auth_rule` [ RunTime:0.0049s ]
SQL: SELECT `condition`,`name` FROM `shop_auth_rule` WHERE `id` IN ('') AND `type` = 1 AND `status` = 1  [ RunTime:0.0004s ]
ERR: 非法操作:order_info.php

[ 2016-07-18T17:57:18+08:00 ] 127.0.0.1 /0714/admin.php/Order/orderInfo.html?id=46
INFO: [ app_init ] --START--
INFO: Run Behavior\BuildLiteBehavior [ RunTime:0.000026s ]
INFO: [ app_init ] --END-- [ RunTime:0.000587s ]
INFO: [ app_begin ] --START--
INFO: Run Behavior\ReadHtmlCacheBehavior [ RunTime:0.000890s ]
INFO: [ app_begin ] --END-- [ RunTime:0.000991s ]
SQL: SHOW COLUMNS FROM `shop_auth_group_access` [ RunTime:0.0061s ]
SQL: SELECT `uid`,`group_id`,`title`,`rules` FROM shop_auth_group_access a INNER JOIN shop_auth_group g on a.group_id=g.id  WHERE ( a.uid='1' and g.status='1' )  [ RunTime:0.0007s ]
SQL: SHOW COLUMNS FROM `shop_auth_rule` [ RunTime:0.0052s ]
SQL: SELECT `condition`,`name` FROM `shop_auth_rule` WHERE `id` IN ('') AND `type` = 1 AND `status` = 1  [ RunTime:0.0004s ]
INFO: [ view_parse ] --START--
INFO: [ template_filter ] --START--
INFO: Run Behavior\ContentReplaceBehavior [ RunTime:0.003001s ]
INFO: [ template_filter ] --END-- [ RunTime:0.003116s ]
INFO: Run Behavior\ParseTemplateBehavior [ RunTime:0.036436s ]
INFO: [ view_parse ] --END-- [ RunTime:0.036798s ]
INFO: [ view_filter ] --START--
INFO: Run Behavior\WriteHtmlCacheBehavior [ RunTime:0.000808s ]
INFO: [ view_filter ] --END-- [ RunTime:0.001006s ]
INFO: [ app_end ] --START--
INFO: Run Behavior\ShowPageTraceBehavior [ RunTime:0.001195s ]
INFO: [ app_end ] --END-- [ RunTime:0.001298s ]

[ 2016-07-18T17:57:22+08:00 ] 127.0.0.1 /0714/admin.php/Order/lists.html
INFO: [ app_init ] --START--
INFO: Run Behavior\BuildLiteBehavior [ RunTime:0.000032s ]
INFO: [ app_init ] --END-- [ RunTime:0.000586s ]
INFO: [ app_begin ] --START--
INFO: Run Behavior\ReadHtmlCacheBehavior [ RunTime:0.000725s ]
INFO: [ app_begin ] --END-- [ RunTime:0.000847s ]
SQL: SHOW COLUMNS FROM `shop_auth_group_access` [ RunTime:0.0061s ]
SQL: SELECT `uid`,`group_id`,`title`,`rules` FROM shop_auth_group_access a INNER JOIN shop_auth_group g on a.group_id=g.id  WHERE ( a.uid='1' and g.status='1' )  [ RunTime:0.0006s ]
SQL: SHOW COLUMNS FROM `shop_auth_rule` [ RunTime:0.0060s ]
SQL: SELECT `condition`,`name` FROM `shop_auth_rule` WHERE `id` IN ('') AND `type` = 1 AND `status` = 1  [ RunTime:0.0004s ]
SQL: SHOW COLUMNS FROM `shop_order_info` [ RunTime:0.0069s ]
SQL: SELECT COUNT(*) AS tp_count FROM `shop_order_info` LIMIT 1   [ RunTime:0.0004s ]
SQL: SELECT * FROM `shop_order_info` LIMIT 0,5   [ RunTime:0.0007s ]
INFO: [ view_parse ] --START--
INFO: [ template_filter ] --START--
INFO: Run Behavior\ContentReplaceBehavior [ RunTime:0.003052s ]
INFO: [ template_filter ] --END-- [ RunTime:0.003213s ]
INFO: Run Behavior\ParseTemplateBehavior [ RunTime:0.044049s ]
INFO: [ view_parse ] --END-- [ RunTime:0.044176s ]
INFO: [ view_filter ] --START--
INFO: Run Behavior\WriteHtmlCacheBehavior [ RunTime:0.000337s ]
INFO: [ view_filter ] --END-- [ RunTime:0.000431s ]
INFO: [ app_end ] --START--
INFO: Run Behavior\ShowPageTraceBehavior [ RunTime:0.000988s ]
INFO: [ app_end ] --END-- [ RunTime:0.001084s ]

[ 2016-07-18T17:58:01+08:00 ] 127.0.0.1 /0714/admin.php/Order/orderInfo.html?id=1
INFO: [ app_init ] --START--
INFO: Run Behavior\BuildLiteBehavior [ RunTime:0.000026s ]
INFO: [ app_init ] --END-- [ RunTime:0.000589s ]
INFO: [ app_begin ] --START--
INFO: Run Behavior\ReadHtmlCacheBehavior [ RunTime:0.000591s ]
INFO: [ app_begin ] --END-- [ RunTime:0.000694s ]
SQL: SHOW COLUMNS FROM `shop_auth_group_access` [ RunTime:0.0072s ]
SQL: SELECT `uid`,`group_id`,`title`,`rules` FROM shop_auth_group_access a INNER JOIN shop_auth_group g on a.group_id=g.id  WHERE ( a.uid='1' and g.status='1' )  [ RunTime:0.0005s ]
SQL: SHOW COLUMNS FROM `shop_auth_rule` [ RunTime:0.0052s ]
SQL: SELECT `condition`,`name` FROM `shop_auth_rule` WHERE `id` IN ('') AND `type` = 1 AND `status` = 1  [ RunTime:0.0004s ]
INFO: [ view_parse ] --START--
INFO: [ template_filter ] --START--
INFO: Run Behavior\ContentReplaceBehavior [ RunTime:0.003232s ]
INFO: [ template_filter ] --END-- [ RunTime:0.003374s ]
INFO: Run Behavior\ParseTemplateBehavior [ RunTime:0.034814s ]
INFO: [ view_parse ] --END-- [ RunTime:0.034962s ]
INFO: [ view_filter ] --START--
INFO: Run Behavior\WriteHtmlCacheBehavior [ RunTime:0.000345s ]
INFO: [ view_filter ] --END-- [ RunTime:0.000446s ]
INFO: [ app_end ] --START--
INFO: Run Behavior\ShowPageTraceBehavior [ RunTime:0.001049s ]
INFO: [ app_end ] --END-- [ RunTime:0.001147s ]

[ 2016-07-18T18:02:11+08:00 ] 127.0.0.1 /0714/admin.php/Order/orderInfo.html?id=1
INFO: [ app_init ] --START--
INFO: Run Behavior\BuildLiteBehavior [ RunTime:0.000026s ]
INFO: [ app_init ] --END-- [ RunTime:0.000597s ]
INFO: [ app_begin ] --START--
INFO: Run Behavior\ReadHtmlCacheBehavior [ RunTime:0.000891s ]
INFO: [ app_begin ] --END-- [ RunTime:0.000997s ]
SQL: SHOW COLUMNS FROM `shop_auth_group_access` [ RunTime:0.0052s ]
SQL: SELECT `uid`,`group_id`,`title`,`rules` FROM shop_auth_group_access a INNER JOIN shop_auth_group g on a.group_id=g.id  WHERE ( a.uid='1' and g.status='1' )  [ RunTime:0.0005s ]
SQL: SHOW COLUMNS FROM `shop_auth_rule` [ RunTime:0.0052s ]
SQL: SELECT `condition`,`name` FROM `shop_auth_rule` WHERE `id` IN ('') AND `type` = 1 AND `status` = 1  [ RunTime:0.0004s ]
SQL: SHOW COLUMNS FROM `shop_order_info` [ RunTime:0.0073s ]
SQL: SELECT * FROM `shop_order_info` WHERE `order_id` = 1 LIMIT 1   [ RunTime:0.0007s ]
INFO: [ view_parse ] --START--
INFO: [ template_filter ] --START--
INFO: Run Behavior\ContentReplaceBehavior [ RunTime:0.002937s ]
INFO: [ template_filter ] --END-- [ RunTime:0.003054s ]
INFO: Run Behavior\ParseTemplateBehavior [ RunTime:0.037109s ]
INFO: [ view_parse ] --END-- [ RunTime:0.037221s ]
INFO: [ view_filter ] --START--
INFO: Run Behavior\WriteHtmlCacheBehavior [ RunTime:0.000557s ]
INFO: [ view_filter ] --END-- [ RunTime:0.000656s ]
INFO: [ app_end ] --START--
INFO: Run Behavior\ShowPageTraceBehavior [ RunTime:0.001338s ]
INFO: [ app_end ] --END-- [ RunTime:0.001493s ]

[ 2016-07-18T18:03:41+08:00 ] 127.0.0.1 /0714/admin.php/Order/orderInfo.html?id=1
INFO: [ app_init ] --START--
INFO: Run Behavior\BuildLiteBehavior [ RunTime:0.000034s ]
INFO: [ app_init ] --END-- [ RunTime:0.000676s ]
INFO: [ app_begin ] --START--
INFO: Run Behavior\ReadHtmlCacheBehavior [ RunTime:0.000816s ]
INFO: [ app_begin ] --END-- [ RunTime:0.000954s ]
SQL: SHOW COLUMNS FROM `shop_auth_group_access` [ RunTime:0.0052s ]
SQL: SELECT `uid`,`group_id`,`title`,`rules` FROM shop_auth_group_access a INNER JOIN shop_auth_group g on a.group_id=g.id  WHERE ( a.uid='1' and g.status='1' )  [ RunTime:0.0005s ]
SQL: SHOW COLUMNS FROM `shop_auth_rule` [ RunTime:0.0051s ]
SQL: SELECT `condition`,`name` FROM `shop_auth_rule` WHERE `id` IN ('') AND `type` = 1 AND `status` = 1  [ RunTime:0.0004s ]
SQL: SHOW COLUMNS FROM `shop_order_info` [ RunTime:0.0062s ]
SQL: SELECT * FROM `shop_order_info` WHERE `order_id` = 1 LIMIT 1   [ RunTime:0.0006s ]
INFO: [ view_parse ] --START--
INFO: [ template_filter ] --START--
INFO: Run Behavior\ContentReplaceBehavior [ RunTime:0.003007s ]
INFO: [ template_filter ] --END-- [ RunTime:0.003139s ]
INFO: Run Behavior\ParseTemplateBehavior [ RunTime:0.033790s ]
INFO: [ view_parse ] --END-- [ RunTime:0.033900s ]
INFO: [ view_filter ] --START--
INFO: Run Behavior\WriteHtmlCacheBehavior [ RunTime:0.000315s ]
INFO: [ view_filter ] --END-- [ RunTime:0.000411s ]
INFO: [ app_end ] --START--
INFO: Run Behavior\ShowPageTraceBehavior [ RunTime:0.001012s ]
INFO: [ app_end ] --END-- [ RunTime:0.001107s ]

[ 2016-07-18T18:05:49+08:00 ] 127.0.0.1 /0714/admin.php/Order/orderInfo.html?id=1
INFO: [ app_init ] --START--
INFO: Run Behavior\BuildLiteBehavior [ RunTime:0.000026s ]
INFO: [ app_init ] --END-- [ RunTime:0.000584s ]
INFO: [ app_begin ] --START--
INFO: Run Behavior\ReadHtmlCacheBehavior [ RunTime:0.001136s ]
INFO: [ app_begin ] --END-- [ RunTime:0.001273s ]
SQL: SHOW COLUMNS FROM `shop_auth_group_access` [ RunTime:0.0048s ]
SQL: SELECT `uid`,`group_id`,`title`,`rules` FROM shop_auth_group_access a INNER JOIN shop_auth_group g on a.group_id=g.id  WHERE ( a.uid='1' and g.status='1' )  [ RunTime:0.0006s ]
SQL: SHOW COLUMNS FROM `shop_auth_rule` [ RunTime:0.0050s ]
SQL: SELECT `condition`,`name` FROM `shop_auth_rule` WHERE `id` IN ('') AND `type` = 1 AND `status` = 1  [ RunTime:0.0004s ]
SQL: SHOW COLUMNS FROM `shop_order_info` [ RunTime:0.0058s ]
SQL: SELECT * FROM `shop_order_info` WHERE `order_id` = 1 LIMIT 1   [ RunTime:0.0006s ]
INFO: [ view_parse ] --START--
INFO: [ template_filter ] --START--
INFO: Run Behavior\ContentReplaceBehavior [ RunTime:0.003154s ]
INFO: [ template_filter ] --END-- [ RunTime:0.003279s ]
INFO: Run Behavior\ParseTemplateBehavior [ RunTime:0.035713s ]
INFO: [ view_parse ] --END-- [ RunTime:0.035829s ]
INFO: [ view_filter ] --START--
INFO: Run Behavior\WriteHtmlCacheBehavior [ RunTime:0.000531s ]
INFO: [ view_filter ] --END-- [ RunTime:0.000627s ]
INFO: [ app_end ] --START--
INFO: Run Behavior\ShowPageTraceBehavior [ RunTime:0.000972s ]
INFO: [ app_end ] --END-- [ RunTime:0.001066s ]

[ 2016-07-18T18:06:24+08:00 ] 127.0.0.1 /0714/admin.php/Order/orderInfo.html?id=1
INFO: [ app_init ] --START--
INFO: Run Behavior\BuildLiteBehavior [ RunTime:0.000026s ]
INFO: [ app_init ] --END-- [ RunTime:0.000484s ]
INFO: [ app_begin ] --START--
INFO: Run Behavior\ReadHtmlCacheBehavior [ RunTime:0.000611s ]
INFO: [ app_begin ] --END-- [ RunTime:0.000716s ]
SQL: SHOW COLUMNS FROM `shop_auth_group_access` [ RunTime:0.0052s ]
SQL: SELECT `uid`,`group_id`,`title`,`rules` FROM shop_auth_group_access a INNER JOIN shop_auth_group g on a.group_id=g.id  WHERE ( a.uid='1' and g.status='1' )  [ RunTime:0.0005s ]
SQL: SHOW COLUMNS FROM `shop_auth_rule` [ RunTime:0.0048s ]
SQL: SELECT `condition`,`name` FROM `shop_auth_rule` WHERE `id` IN ('') AND `type` = 1 AND `status` = 1  [ RunTime:0.0004s ]
SQL: SHOW COLUMNS FROM `shop_order_info` [ RunTime:0.0069s ]
SQL: SELECT * FROM `shop_order_info` WHERE `order_id` = 1 LIMIT 1   [ RunTime:0.0006s ]
INFO: [ view_parse ] --START--
INFO: [ template_filter ] --START--
INFO: Run Behavior\ContentReplaceBehavior [ RunTime:0.003027s ]
INFO: [ template_filter ] --END-- [ RunTime:0.003144s ]
INFO: Run Behavior\ParseTemplateBehavior [ RunTime:0.035179s ]
INFO: [ view_parse ] --END-- [ RunTime:0.035292s ]
INFO: [ view_filter ] --START--
INFO: Run Behavior\WriteHtmlCacheBehavior [ RunTime:0.000315s ]
INFO: [ view_filter ] --END-- [ RunTime:0.000412s ]
INFO: [ app_end ] --START--
INFO: Run Behavior\ShowPageTraceBehavior [ RunTime:0.000989s ]
INFO: [ app_end ] --END-- [ RunTime:0.001084s ]

[ 2016-07-18T18:10:35+08:00 ] 127.0.0.1 /0714/admin.php/Order/orderInfo.html?id=1
INFO: [ app_init ] --START--
INFO: Run Behavior\BuildLiteBehavior [ RunTime:0.000028s ]
INFO: [ app_init ] --END-- [ RunTime:0.000662s ]
INFO: [ app_begin ] --START--
INFO: Run Behavior\ReadHtmlCacheBehavior [ RunTime:0.000917s ]
INFO: [ app_begin ] --END-- [ RunTime:0.001028s ]
SQL: SHOW COLUMNS FROM `shop_auth_group_access` [ RunTime:0.0047s ]
SQL: SELECT `uid`,`group_id`,`title`,`rules` FROM shop_auth_group_access a INNER JOIN shop_auth_group g on a.group_id=g.id  WHERE ( a.uid='1' and g.status='1' )  [ RunTime:0.0005s ]
SQL: SHOW COLUMNS FROM `shop_auth_rule` [ RunTime:0.0050s ]
SQL: SELECT `condition`,`name` FROM `shop_auth_rule` WHERE `id` IN ('') AND `type` = 1 AND `status` = 1  [ RunTime:0.0004s ]
SQL: SHOW COLUMNS FROM `shop_order_info` [ RunTime:0.0057s ]
SQL: SELECT * FROM `shop_order_info` WHERE `order_id` = 1 LIMIT 1   [ RunTime:0.0005s ]
INFO: [ view_parse ] --START--
INFO: [ template_filter ] --START--
INFO: Run Behavior\ContentReplaceBehavior [ RunTime:0.002959s ]
INFO: [ template_filter ] --END-- [ RunTime:0.003075s ]
INFO: Run Behavior\ParseTemplateBehavior [ RunTime:0.036848s ]
INFO: [ view_parse ] --END-- [ RunTime:0.036965s ]
INFO: [ view_filter ] --START--
INFO: Run Behavior\WriteHtmlCacheBehavior [ RunTime:0.000527s ]
INFO: [ view_filter ] --END-- [ RunTime:0.000622s ]
INFO: [ app_end ] --START--
INFO: Run Behavior\ShowPageTraceBehavior [ RunTime:0.000970s ]
INFO: [ app_end ] --END-- [ RunTime:0.001087s ]

[ 2016-07-18T18:11:24+08:00 ] 127.0.0.1 /0714/admin.php/Order/orderInfo.html?id=1
INFO: [ app_init ] --START--
INFO: Run Behavior\BuildLiteBehavior [ RunTime:0.000027s ]
INFO: [ app_init ] --END-- [ RunTime:0.000494s ]
INFO: [ app_begin ] --START--
INFO: Run Behavior\ReadHtmlCacheBehavior [ RunTime:0.000615s ]
INFO: [ app_begin ] --END-- [ RunTime:0.000718s ]
SQL: SHOW COLUMNS FROM `shop_auth_group_access` [ RunTime:0.0046s ]
SQL: SELECT `uid`,`group_id`,`title`,`rules` FROM shop_auth_group_access a INNER JOIN shop_auth_group g on a.group_id=g.id  WHERE ( a.uid='1' and g.status='1' )  [ RunTime:0.0005s ]
SQL: SHOW COLUMNS FROM `shop_auth_rule` [ RunTime:0.0053s ]
SQL: SELECT `condition`,`name` FROM `shop_auth_rule` WHERE `id` IN ('') AND `type` = 1 AND `status` = 1  [ RunTime:0.0004s ]
SQL: SHOW COLUMNS FROM `shop_order_info` [ RunTime:0.0055s ]
SQL: SELECT * FROM `shop_order_info` WHERE `order_id` = 1 LIMIT 1   [ RunTime:0.0006s ]
INFO: [ view_parse ] --START--
INFO: [ template_filter ] --START--
INFO: Run Behavior\ContentReplaceBehavior [ RunTime:0.003354s ]
INFO: [ template_filter ] --END-- [ RunTime:0.003512s ]
INFO: Run Behavior\ParseTemplateBehavior [ RunTime:0.038849s ]
INFO: [ view_parse ] --END-- [ RunTime:0.039001s ]
INFO: [ view_filter ] --START--
INFO: Run Behavior\WriteHtmlCacheBehavior [ RunTime:0.000505s ]
INFO: [ view_filter ] --END-- [ RunTime:0.000657s ]
INFO: [ app_end ] --START--
INFO: Run Behavior\ShowPageTraceBehavior [ RunTime:0.001198s ]
INFO: [ app_end ] --END-- [ RunTime:0.001311s ]

[ 2016-07-18T18:20:25+08:00 ] 127.0.0.1 /0714/admin.php/Order/orderInfo.html?id=1
INFO: [ app_init ] --START--
INFO: Run Behavior\BuildLiteBehavior [ RunTime:0.000026s ]
INFO: [ app_init ] --END-- [ RunTime:0.000581s ]
INFO: [ app_begin ] --START--
INFO: Run Behavior\ReadHtmlCacheBehavior [ RunTime:0.001137s ]
INFO: [ app_begin ] --END-- [ RunTime:0.001249s ]
SQL: SHOW COLUMNS FROM `shop_auth_group_access` [ RunTime:0.0050s ]
SQL: SELECT `uid`,`group_id`,`title`,`rules` FROM shop_auth_group_access a INNER JOIN shop_auth_group g on a.group_id=g.id  WHERE ( a.uid='1' and g.status='1' )  [ RunTime:0.0005s ]
SQL: SHOW COLUMNS FROM `shop_auth_rule` [ RunTime:0.0050s ]
SQL: SELECT `condition`,`name` FROM `shop_auth_rule` WHERE `id` IN ('') AND `type` = 1 AND `status` = 1  [ RunTime:0.0004s ]
SQL: SHOW COLUMNS FROM `shop_order_info` [ RunTime:0.0057s ]
SQL: SELECT * FROM `shop_order_info` WHERE `order_id` = 1 LIMIT 1   [ RunTime:0.0006s ]
SQL: SHOW COLUMNS FROM `shop_order_goods` [ RunTime:0.0049s ]
SQL: SELECT * FROM `shop_order_goods`  [ RunTime:0.0009s ]
INFO: [ view_parse ] --START--
INFO: [ template_filter ] --START--
INFO: Run Behavior\ContentReplaceBehavior [ RunTime:0.003282s ]
INFO: [ template_filter ] --END-- [ RunTime:0.003427s ]
INFO: Run Behavior\ParseTemplateBehavior [ RunTime:0.038889s ]
INFO: [ view_parse ] --END-- [ RunTime:0.039006s ]
INFO: [ view_filter ] --START--
INFO: Run Behavior\WriteHtmlCacheBehavior [ RunTime:0.000537s ]
INFO: [ view_filter ] --END-- [ RunTime:0.000633s ]
INFO: [ app_end ] --START--
INFO: Run Behavior\ShowPageTraceBehavior [ RunTime:0.000997s ]
INFO: [ app_end ] --END-- [ RunTime:0.001092s ]

[ 2016-07-18T18:20:30+08:00 ] 127.0.0.1 /0714/admin.php/Order/orderInfo.html?id=1
INFO: [ app_init ] --START--
INFO: Run Behavior\BuildLiteBehavior [ RunTime:0.000025s ]
INFO: [ app_init ] --END-- [ RunTime:0.000478s ]
INFO: [ app_begin ] --START--
INFO: Run Behavior\ReadHtmlCacheBehavior [ RunTime:0.000590s ]
INFO: [ app_begin ] --END-- [ RunTime:0.000690s ]
SQL: SHOW COLUMNS FROM `shop_auth_group_access` [ RunTime:0.0047s ]
SQL: SELECT `uid`,`group_id`,`title`,`rules` FROM shop_auth_group_access a INNER JOIN shop_auth_group g on a.group_id=g.id  WHERE ( a.uid='1' and g.status='1' )  [ RunTime:0.0005s ]
SQL: SHOW COLUMNS FROM `shop_auth_rule` [ RunTime:0.0056s ]
SQL: SELECT `condition`,`name` FROM `shop_auth_rule` WHERE `id` IN ('') AND `type` = 1 AND `status` = 1  [ RunTime:0.0004s ]
SQL: SHOW COLUMNS FROM `shop_order_info` [ RunTime:0.0053s ]
SQL: SELECT * FROM `shop_order_info` WHERE `order_id` = 1 LIMIT 1   [ RunTime:0.0007s ]
SQL: SHOW COLUMNS FROM `shop_order_goods` [ RunTime:0.0052s ]
SQL: SELECT * FROM `shop_order_goods`  [ RunTime:0.0010s ]
INFO: [ view_parse ] --START--
INFO: [ template_filter ] --START--
INFO: Run Behavior\ContentReplaceBehavior [ RunTime:0.002986s ]
INFO: [ template_filter ] --END-- [ RunTime:0.003106s ]
INFO: Run Behavior\ParseTemplateBehavior [ RunTime:0.035523s ]
INFO: [ view_parse ] --END-- [ RunTime:0.035633s ]
INFO: [ view_filter ] --START--
INFO: Run Behavior\WriteHtmlCacheBehavior [ RunTime:0.000315s ]
INFO: [ view_filter ] --END-- [ RunTime:0.000408s ]
INFO: [ app_end ] --START--
INFO: Run Behavior\ShowPageTraceBehavior [ RunTime:0.000984s ]
INFO: [ app_end ] --END-- [ RunTime:0.001079s ]

[ 2016-07-18T18:20:39+08:00 ] 127.0.0.1 /0714/admin.php/Order/orderInfo.html?id=5
INFO: [ app_init ] --START--
INFO: Run Behavior\BuildLiteBehavior [ RunTime:0.000028s ]
INFO: [ app_init ] --END-- [ RunTime:0.000520s ]
INFO: [ app_begin ] --START--
INFO: Run Behavior\ReadHtmlCacheBehavior [ RunTime:0.000593s ]
INFO: [ app_begin ] --END-- [ RunTime:0.000701s ]
SQL: SHOW COLUMNS FROM `shop_auth_group_access` [ RunTime:0.0046s ]
SQL: SELECT `uid`,`group_id`,`title`,`rules` FROM shop_auth_group_access a INNER JOIN shop_auth_group g on a.group_id=g.id  WHERE ( a.uid='1' and g.status='1' )  [ RunTime:0.0005s ]
SQL: SHOW COLUMNS FROM `shop_auth_rule` [ RunTime:0.0051s ]
SQL: SELECT `condition`,`name` FROM `shop_auth_rule` WHERE `id` IN ('') AND `type` = 1 AND `status` = 1  [ RunTime:0.0004s ]
SQL: SHOW COLUMNS FROM `shop_order_info` [ RunTime:0.0053s ]
SQL: SELECT * FROM `shop_order_info` WHERE `order_id` = 5 LIMIT 1   [ RunTime:0.0006s ]
SQL: SHOW COLUMNS FROM `shop_order_goods` [ RunTime:0.0053s ]
SQL: SELECT * FROM `shop_order_goods`  [ RunTime:0.0009s ]
INFO: [ view_parse ] --START--
INFO: [ template_filter ] --START--
INFO: Run Behavior\ContentReplaceBehavior [ RunTime:0.002984s ]
INFO: [ template_filter ] --END-- [ RunTime:0.003102s ]
INFO: Run Behavior\ParseTemplateBehavior [ RunTime:0.035786s ]
INFO: [ view_parse ] --END-- [ RunTime:0.035897s ]
INFO: [ view_filter ] --START--
INFO: Run Behavior\WriteHtmlCacheBehavior [ RunTime:0.000310s ]
INFO: [ view_filter ] --END-- [ RunTime:0.000403s ]
INFO: [ app_end ] --START--
INFO: Run Behavior\ShowPageTraceBehavior [ RunTime:0.001048s ]
INFO: [ app_end ] --END-- [ RunTime:0.001146s ]

[ 2016-07-18T18:20:42+08:00 ] 127.0.0.1 /0714/admin.php/Order/orderInfo.html?id=5
INFO: [ app_init ] --START--
INFO: Run Behavior\BuildLiteBehavior [ RunTime:0.000027s ]
INFO: [ app_init ] --END-- [ RunTime:0.000507s ]
INFO: [ app_begin ] --START--
INFO: Run Behavior\ReadHtmlCacheBehavior [ RunTime:0.000620s ]
INFO: [ app_begin ] --END-- [ RunTime:0.000723s ]
SQL: SHOW COLUMNS FROM `shop_auth_group_access` [ RunTime:0.0055s ]
SQL: SELECT `uid`,`group_id`,`title`,`rules` FROM shop_auth_group_access a INNER JOIN shop_auth_group g on a.group_id=g.id  WHERE ( a.uid='1' and g.status='1' )  [ RunTime:0.0004s ]
SQL: SHOW COLUMNS FROM `shop_auth_rule` [ RunTime:0.0048s ]
SQL: SELECT `condition`,`name` FROM `shop_auth_rule` WHERE `id` IN ('') AND `type` = 1 AND `status` = 1  [ RunTime:0.0004s ]
SQL: SHOW COLUMNS FROM `shop_order_info` [ RunTime:0.0061s ]
SQL: SELECT * FROM `shop_order_info` WHERE `order_id` = 5 LIMIT 1   [ RunTime:0.0006s ]
SQL: SHOW COLUMNS FROM `shop_order_goods` [ RunTime:0.0050s ]
SQL: SELECT * FROM `shop_order_goods`  [ RunTime:0.0010s ]
INFO: [ view_parse ] --START--
INFO: [ template_filter ] --START--
INFO: Run Behavior\ContentReplaceBehavior [ RunTime:0.003224s ]
INFO: [ template_filter ] --END-- [ RunTime:0.003389s ]
INFO: Run Behavior\ParseTemplateBehavior [ RunTime:0.038064s ]
INFO: [ view_parse ] --END-- [ RunTime:0.038205s ]
INFO: [ view_filter ] --START--
INFO: Run Behavior\WriteHtmlCacheBehavior [ RunTime:0.000567s ]
INFO: [ view_filter ] --END-- [ RunTime:0.000695s ]
INFO: [ app_end ] --START--
INFO: Run Behavior\ShowPageTraceBehavior [ RunTime:0.001073s ]
INFO: [ app_end ] --END-- [ RunTime:0.001176s ]

[ 2016-07-18T18:21:47+08:00 ] 127.0.0.1 /0714/admin.php/Order/orderInfo.html?id=5
INFO: [ app_init ] --START--
INFO: Run Behavior\BuildLiteBehavior [ RunTime:0.000027s ]
INFO: [ app_init ] --END-- [ RunTime:0.000516s ]
INFO: [ app_begin ] --START--
INFO: Run Behavior\ReadHtmlCacheBehavior [ RunTime:0.000653s ]
INFO: [ app_begin ] --END-- [ RunTime:0.000791s ]
SQL: SHOW COLUMNS FROM `shop_auth_group_access` [ RunTime:0.0047s ]
SQL: SELECT `uid`,`group_id`,`title`,`rules` FROM shop_auth_group_access a INNER JOIN shop_auth_group g on a.group_id=g.id  WHERE ( a.uid='1' and g.status='1' )  [ RunTime:0.0005s ]
SQL: SHOW COLUMNS FROM `shop_auth_rule` [ RunTime:0.0050s ]
SQL: SELECT `condition`,`name` FROM `shop_auth_rule` WHERE `id` IN ('') AND `type` = 1 AND `status` = 1  [ RunTime:0.0004s ]
SQL: SHOW COLUMNS FROM `shop_order_info` [ RunTime:0.0060s ]
SQL: SELECT * FROM `shop_order_info` WHERE `order_id` = 5 LIMIT 1   [ RunTime:0.0006s ]
SQL: SHOW COLUMNS FROM `shop_order_goods` [ RunTime:0.0050s ]
SQL: SELECT * FROM `shop_order_goods`  [ RunTime:0.0011s ]
INFO: [ view_parse ] --START--
INFO: [ template_filter ] --START--
INFO: Run Behavior\ContentReplaceBehavior [ RunTime:0.003249s ]
INFO: [ template_filter ] --END-- [ RunTime:0.003401s ]
INFO: Run Behavior\ParseTemplateBehavior [ RunTime:0.037669s ]
INFO: [ view_parse ] --END-- [ RunTime:0.037786s ]
INFO: [ view_filter ] --START--
INFO: Run Behavior\WriteHtmlCacheBehavior [ RunTime:0.000337s ]
INFO: [ view_filter ] --END-- [ RunTime:0.000434s ]
INFO: [ app_end ] --START--
INFO: Run Behavior\ShowPageTraceBehavior [ RunTime:0.001002s ]
INFO: [ app_end ] --END-- [ RunTime:0.001098s ]

[ 2016-07-18T18:22:16+08:00 ] 127.0.0.1 /0714/admin.php/Order/orderInfo.html?id=5
INFO: [ app_init ] --START--
INFO: Run Behavior\BuildLiteBehavior [ RunTime:0.000031s ]
INFO: [ app_init ] --END-- [ RunTime:0.000583s ]
INFO: [ app_begin ] --START--
INFO: Run Behavior\ReadHtmlCacheBehavior [ RunTime:0.001151s ]
INFO: [ app_begin ] --END-- [ RunTime:0.001339s ]
SQL: SHOW COLUMNS FROM `shop_auth_group_access` [ RunTime:0.0047s ]
SQL: SELECT `uid`,`group_id`,`title`,`rules` FROM shop_auth_group_access a INNER JOIN shop_auth_group g on a.group_id=g.id  WHERE ( a.uid='1' and g.status='1' )  [ RunTime:0.0005s ]
SQL: SHOW COLUMNS FROM `shop_auth_rule` [ RunTime:0.0050s ]
SQL: SELECT `condition`,`name` FROM `shop_auth_rule` WHERE `id` IN ('') AND `type` = 1 AND `status` = 1  [ RunTime:0.0004s ]
SQL: SHOW COLUMNS FROM `shop_order_info` [ RunTime:0.0057s ]
SQL: SELECT * FROM `shop_order_info` WHERE `order_id` = 5 LIMIT 1   [ RunTime:0.0006s ]
SQL: SHOW COLUMNS FROM `shop_order_goods` [ RunTime:0.0051s ]
SQL: SELECT * FROM `shop_order_goods`  [ RunTime:0.0009s ]
INFO: [ view_parse ] --START--
INFO: [ template_filter ] --START--
INFO: Run Behavior\ContentReplaceBehavior [ RunTime:0.002985s ]
INFO: [ template_filter ] --END-- [ RunTime:0.003100s ]
INFO: Run Behavior\ParseTemplateBehavior [ RunTime:0.036785s ]
INFO: [ view_parse ] --END-- [ RunTime:0.036903s ]
INFO: [ view_filter ] --START--
INFO: Run Behavior\WriteHtmlCacheBehavior [ RunTime:0.000412s ]
INFO: [ view_filter ] --END-- [ RunTime:0.000513s ]
INFO: [ app_end ] --START--
INFO: Run Behavior\ShowPageTraceBehavior [ RunTime:0.001020s ]
INFO: [ app_end ] --END-- [ RunTime:0.001118s ]

[ 2016-07-18T18:22:35+08:00 ] 127.0.0.1 /0714/admin.php/Order/orderInfo.html?id=5
INFO: [ app_init ] --START--
INFO: Run Behavior\BuildLiteBehavior [ RunTime:0.000026s ]
INFO: [ app_init ] --END-- [ RunTime:0.000593s ]
INFO: [ app_begin ] --START--
INFO: Run Behavior\ReadHtmlCacheBehavior [ RunTime:0.000925s ]
INFO: [ app_begin ] --END-- [ RunTime:0.001035s ]
SQL: SHOW COLUMNS FROM `shop_auth_group_access` [ RunTime:0.0047s ]
SQL: SELECT `uid`,`group_id`,`title`,`rules` FROM shop_auth_group_access a INNER JOIN shop_auth_group g on a.group_id=g.id  WHERE ( a.uid='1' and g.status='1' )  [ RunTime:0.0005s ]
SQL: SHOW COLUMNS FROM `shop_auth_rule` [ RunTime:0.0049s ]
SQL: SELECT `condition`,`name` FROM `shop_auth_rule` WHERE `id` IN ('') AND `type` = 1 AND `status` = 1  [ RunTime:0.0004s ]
SQL: SHOW COLUMNS FROM `shop_order_info` [ RunTime:0.0060s ]
SQL: SELECT * FROM `shop_order_info` WHERE `order_id` = 5 LIMIT 1   [ RunTime:0.0006s ]
SQL: SHOW COLUMNS FROM `shop_order_goods` [ RunTime:0.0049s ]
SQL: SELECT * FROM `shop_order_goods`  [ RunTime:0.0008s ]
INFO: [ view_parse ] --START--
INFO: [ template_filter ] --START--
INFO: Run Behavior\ContentReplaceBehavior [ RunTime:0.003233s ]
INFO: [ template_filter ] --END-- [ RunTime:0.003396s ]
INFO: Run Behavior\ParseTemplateBehavior [ RunTime:0.037540s ]
INFO: [ view_parse ] --END-- [ RunTime:0.037653s ]
INFO: [ view_filter ] --START--
INFO: Run Behavior\WriteHtmlCacheBehavior [ RunTime:0.000522s ]
INFO: [ view_filter ] --END-- [ RunTime:0.000615s ]
INFO: [ app_end ] --START--
INFO: Run Behavior\ShowPageTraceBehavior [ RunTime:0.000970s ]
INFO: [ app_end ] --END-- [ RunTime:0.001065s ]

[ 2016-07-18T18:24:06+08:00 ] 127.0.0.1 /0714/admin.php/Order/orderInfo.html?id=5
INFO: [ app_init ] --START--
INFO: Run Behavior\BuildLiteBehavior [ RunTime:0.000026s ]
INFO: [ app_init ] --END-- [ RunTime:0.000493s ]
INFO: [ app_begin ] --START--
INFO: Run Behavior\ReadHtmlCacheBehavior [ RunTime:0.000641s ]
INFO: [ app_begin ] --END-- [ RunTime:0.000757s ]
SQL: SHOW COLUMNS FROM `shop_auth_group_access` [ RunTime:0.0047s ]
SQL: SELECT `uid`,`group_id`,`title`,`rules` FROM shop_auth_group_access a INNER JOIN shop_auth_group g on a.group_id=g.id  WHERE ( a.uid='1' and g.status='1' )  [ RunTime:0.0004s ]
SQL: SHOW COLUMNS FROM `shop_auth_rule` [ RunTime:0.0048s ]
SQL: SELECT `condition`,`name` FROM `shop_auth_rule` WHERE `id` IN ('') AND `type` = 1 AND `status` = 1  [ RunTime:0.0004s ]
SQL: SHOW COLUMNS FROM `shop_order_info` [ RunTime:0.0058s ]
SQL: SELECT * FROM `shop_order_info` WHERE `order_id` = 5 LIMIT 1   [ RunTime:0.0006s ]
SQL: SHOW COLUMNS FROM `shop_order_goods` [ RunTime:0.0053s ]
SQL: SELECT * FROM `shop_order_goods`  [ RunTime:0.0011s ]
INFO: [ view_parse ] --START--
INFO: [ template_filter ] --START--
INFO: Run Behavior\ContentReplaceBehavior [ RunTime:0.003204s ]
INFO: [ template_filter ] --END-- [ RunTime:0.003463s ]
INFO: Run Behavior\ParseTemplateBehavior [ RunTime:0.036860s ]
INFO: [ view_parse ] --END-- [ RunTime:0.036976s ]
INFO: [ view_filter ] --START--
INFO: Run Behavior\WriteHtmlCacheBehavior [ RunTime:0.000312s ]
INFO: [ view_filter ] --END-- [ RunTime:0.000408s ]
INFO: [ app_end ] --START--
INFO: Run Behavior\ShowPageTraceBehavior [ RunTime:0.000979s ]
INFO: [ app_end ] --END-- [ RunTime:0.001074s ]

[ 2016-07-18T18:25:03+08:00 ] 127.0.0.1 /0714/admin.php/Order/orderInfo.html?id=5
INFO: [ app_init ] --START--
INFO: Run Behavior\BuildLiteBehavior [ RunTime:0.000029s ]
INFO: [ app_init ] --END-- [ RunTime:0.000729s ]
INFO: [ app_begin ] --START--
INFO: Run Behavior\ReadHtmlCacheBehavior [ RunTime:0.000972s ]
INFO: [ app_begin ] --END-- [ RunTime:0.001087s ]
SQL: SHOW COLUMNS FROM `shop_auth_group_access` [ RunTime:0.0050s ]
SQL: SELECT `uid`,`group_id`,`title`,`rules` FROM shop_auth_group_access a INNER JOIN shop_auth_group g on a.group_id=g.id  WHERE ( a.uid='1' and g.status='1' )  [ RunTime:0.0005s ]
SQL: SHOW COLUMNS FROM `shop_auth_rule` [ RunTime:0.0048s ]
SQL: SELECT `condition`,`name` FROM `shop_auth_rule` WHERE `id` IN ('') AND `type` = 1 AND `status` = 1  [ RunTime:0.0004s ]
SQL: SHOW COLUMNS FROM `shop_order_info` [ RunTime:0.0062s ]
SQL: SELECT * FROM `shop_order_info` WHERE `order_id` = 5 LIMIT 1   [ RunTime:0.0006s ]
SQL: SHOW COLUMNS FROM `shop_order_goods` [ RunTime:0.0048s ]
SQL: SELECT * FROM `shop_order_goods`  [ RunTime:0.0009s ]
INFO: [ view_parse ] --START--
INFO: [ template_filter ] --START--
INFO: Run Behavior\ContentReplaceBehavior [ RunTime:0.003219s ]
INFO: [ template_filter ] --END-- [ RunTime:0.003372s ]
INFO: Run Behavior\ParseTemplateBehavior [ RunTime:0.038210s ]
INFO: [ view_parse ] --END-- [ RunTime:0.038319s ]
INFO: [ view_filter ] --START--
INFO: Run Behavior\WriteHtmlCacheBehavior [ RunTime:0.000534s ]
INFO: [ view_filter ] --END-- [ RunTime:0.000629s ]
INFO: [ app_end ] --START--
INFO: Run Behavior\ShowPageTraceBehavior [ RunTime:0.000979s ]
INFO: [ app_end ] --END-- [ RunTime:0.001074s ]

[ 2016-07-18T18:25:07+08:00 ] 127.0.0.1 /0714/admin.php/Order/orderInfo.html?id=5
INFO: [ app_init ] --START--
INFO: Run Behavior\BuildLiteBehavior [ RunTime:0.000028s ]
INFO: [ app_init ] --END-- [ RunTime:0.000522s ]
INFO: [ app_begin ] --START--
INFO: Run Behavior\ReadHtmlCacheBehavior [ RunTime:0.000615s ]
INFO: [ app_begin ] --END-- [ RunTime:0.000722s ]
SQL: SHOW COLUMNS FROM `shop_auth_group_access` [ RunTime:0.0047s ]
SQL: SELECT `uid`,`group_id`,`title`,`rules` FROM shop_auth_group_access a INNER JOIN shop_auth_group g on a.group_id=g.id  WHERE ( a.uid='1' and g.status='1' )  [ RunTime:0.0005s ]
SQL: SHOW COLUMNS FROM `shop_auth_rule` [ RunTime:0.0053s ]
SQL: SELECT `condition`,`name` FROM `shop_auth_rule` WHERE `id` IN ('') AND `type` = 1 AND `status` = 1  [ RunTime:0.0004s ]
SQL: SHOW COLUMNS FROM `shop_order_info` [ RunTime:0.0057s ]
SQL: SELECT * FROM `shop_order_info` WHERE `order_id` = 5 LIMIT 1   [ RunTime:0.0006s ]
SQL: SHOW COLUMNS FROM `shop_order_goods` [ RunTime:0.0055s ]
SQL: SELECT * FROM `shop_order_goods`  [ RunTime:0.0010s ]
INFO: [ view_parse ] --START--
INFO: [ template_filter ] --START--
INFO: Run Behavior\ContentReplaceBehavior [ RunTime:0.003130s ]
INFO: [ template_filter ] --END-- [ RunTime:0.003332s ]
INFO: Run Behavior\ParseTemplateBehavior [ RunTime:0.036554s ]
INFO: [ view_parse ] --END-- [ RunTime:0.036665s ]
INFO: [ view_filter ] --START--
INFO: Run Behavior\WriteHtmlCacheBehavior [ RunTime:0.000318s ]
INFO: [ view_filter ] --END-- [ RunTime:0.000412s ]
INFO: [ app_end ] --START--
INFO: Run Behavior\ShowPageTraceBehavior [ RunTime:0.000997s ]
INFO: [ app_end ] --END-- [ RunTime:0.001094s ]

[ 2016-07-18T18:27:56+08:00 ] 127.0.0.1 /0714/admin.php/Order/order_info.php?id=1
INFO: [ app_init ] --START--
INFO: Run Behavior\BuildLiteBehavior [ RunTime:0.000032s ]
INFO: [ app_init ] --END-- [ RunTime:0.000711s ]
INFO: [ app_begin ] --START--
INFO: Run Behavior\ReadHtmlCacheBehavior [ RunTime:0.001171s ]
INFO: [ app_begin ] --END-- [ RunTime:0.001317s ]
SQL: SHOW COLUMNS FROM `shop_auth_group_access` [ RunTime:0.0054s ]
SQL: SELECT `uid`,`group_id`,`title`,`rules` FROM shop_auth_group_access a INNER JOIN shop_auth_group g on a.group_id=g.id  WHERE ( a.uid='1' and g.status='1' )  [ RunTime:0.0006s ]
SQL: SHOW COLUMNS FROM `shop_auth_rule` [ RunTime:0.0056s ]
SQL: SELECT `condition`,`name` FROM `shop_auth_rule` WHERE `id` IN ('') AND `type` = 1 AND `status` = 1  [ RunTime:0.0004s ]
ERR: 非法操作:order_info.php

[ 2016-07-18T18:28:01+08:00 ] 127.0.0.1 /0714/admin.php/Order/order_info.php?id=2
INFO: [ app_init ] --START--
INFO: Run Behavior\BuildLiteBehavior [ RunTime:0.000026s ]
INFO: [ app_init ] --END-- [ RunTime:0.000482s ]
INFO: [ app_begin ] --START--
INFO: Run Behavior\ReadHtmlCacheBehavior [ RunTime:0.000596s ]
INFO: [ app_begin ] --END-- [ RunTime:0.000698s ]
SQL: SHOW COLUMNS FROM `shop_auth_group_access` [ RunTime:0.0049s ]
SQL: SELECT `uid`,`group_id`,`title`,`rules` FROM shop_auth_group_access a INNER JOIN shop_auth_group g on a.group_id=g.id  WHERE ( a.uid='1' and g.status='1' )  [ RunTime:0.0004s ]
SQL: SHOW COLUMNS FROM `shop_auth_rule` [ RunTime:0.0050s ]
SQL: SELECT `condition`,`name` FROM `shop_auth_rule` WHERE `id` IN ('') AND `type` = 1 AND `status` = 1  [ RunTime:0.0004s ]
ERR: 非法操作:order_info.php

[ 2016-07-18T18:28:04+08:00 ] 127.0.0.1 /0714/admin.php/Order/admin.php
INFO: [ app_init ] --START--
INFO: Run Behavior\BuildLiteBehavior [ RunTime:0.000024s ]
INFO: [ app_init ] --END-- [ RunTime:0.000484s ]
INFO: [ app_begin ] --START--
INFO: Run Behavior\ReadHtmlCacheBehavior [ RunTime:0.000591s ]
INFO: [ app_begin ] --END-- [ RunTime:0.000692s ]
SQL: SHOW COLUMNS FROM `shop_auth_group_access` [ RunTime:0.0052s ]
SQL: SELECT `uid`,`group_id`,`title`,`rules` FROM shop_auth_group_access a INNER JOIN shop_auth_group g on a.group_id=g.id  WHERE ( a.uid='1' and g.status='1' )  [ RunTime:0.0005s ]
SQL: SHOW COLUMNS FROM `shop_auth_rule` [ RunTime:0.0050s ]
SQL: SELECT `condition`,`name` FROM `shop_auth_rule` WHERE `id` IN ('') AND `type` = 1 AND `status` = 1  [ RunTime:0.0004s ]
ERR: 非法操作:admin.php

